Using pre-set license
Built from '2020.2/release' branch; Version is '2020.2.4f1 (becced5a802b) revision 12504301'; Using compiler version '192528614'; Build Type 'Release'
OS: 'Windows 10 Pro; OS build 19043.1706; Version 2009; 64bit' Language: 'es' Physical Memory: 16308 MB
BatchMode: 1, IsHumanControllingUs: 0, StartBugReporterOnCrash: 0, Is64bit: 1, IsPro: 0

 COMMAND LINE ARGUMENTS:
C:\Program Files\Unity\Hub\Editor\2020.2.4f1\Editor\Unity.exe
-adb2
-batchMode
-noUpm
-name
AssetImportWorker0
-projectPath
C:/Users/ekas3/FinalLab/My project
-logFile
Logs/AssetImportWorker0.log
-srvPort
65340
Successfully changed project path to: C:/Users/ekas3/FinalLab/My project
C:/Users/ekas3/FinalLab/My project
Using Asset Import Pipeline V2.
Refreshing native plugins compatible for Editor in 19.05 ms, found 0 plugins.
Preloading 0 native plugins for Editor in 0.00 ms.
Initialize engine version: 2020.2.4f1 (becced5a802b)
[Subsystems] Discovering subsystems at path C:/Program Files/Unity/Hub/Editor/2020.2.4f1/Editor/Data/Resources/UnitySubsystems
[Subsystems] Discovering subsystems at path C:/Users/ekas3/FinalLab/My project/Assets
GfxDevice: creating device client; threaded=0
Direct3D:
    Version:  Direct3D 11.0 [level 11.1]
    Renderer: NVIDIA GeForce RTX 2060 (ID=0x1f08)
    Vendor:   
    VRAM:     5980 MB
    Driver:   30.0.15.1215
Initialize mono
Mono path[0] = 'C:/Program Files/Unity/Hub/Editor/2020.2.4f1/Editor/Data/Managed'
Mono path[1] = 'C:/Program Files/Unity/Hub/Editor/2020.2.4f1/Editor/Data/MonoBleedingEdge/lib/mono/unityjit'
Mono config path = 'C:/Program Files/Unity/Hub/Editor/2020.2.4f1/Editor/Data/MonoBleedingEdge/etc'
Using monoOptions --debugger-agent=transport=dt_socket,embedding=1,server=y,suspend=n,address=127.0.0.1:56928
Begin MonoManager ReloadAssembly
Registering precompiled unity dll's ...
Register platform support module: C:/Program Files/Unity/Hub/Editor/2020.2.4f1/Editor/Data/PlaybackEngines/WindowsStandaloneSupport/UnityEditor.WindowsStandalone.Extensions.dll
Registered in 0.001634 seconds.
Native extension for WindowsStandalone target not found
Refreshing native plugins compatible for Editor in 19.68 ms, found 0 plugins.
Preloading 0 native plugins for Editor in 0.00 ms.
Invoked RoslynAnalysisRunner static constructor.
RoslynAnalysisRunner will not be running.
RoslynAnalysisRunner has terminated.
Mono: successfully reloaded assembly
- Completed reload, in  0.756 seconds
Platform modules already initialized, skipping
Registering precompiled user dll's ...
Registered in 0.000688 seconds.
Begin MonoManager ReloadAssembly
Native extension for WindowsStandalone target not found
Refreshing native plugins compatible for Editor in 0.24 ms, found 0 plugins.
Preloading 0 native plugins for Editor in 0.00 ms.
Invoked RoslynAnalysisRunner static constructor.
RoslynAnalysisRunner will not be running.
RoslynAnalysisRunner has terminated.
Mono: successfully reloaded assembly
- Completed reload, in  0.525 seconds
Platform modules already initialized, skipping
========================================================================
Worker process is ready to serve import requests
Launched and connected shader compiler UnityShaderCompiler.exe after 0.03 seconds
Refreshing native plugins compatible for Editor in 0.23 ms, found 0 plugins.
Preloading 0 native plugins for Editor in 0.00 ms.
Unloading 1174 Unused Serialized files (Serialized files now loaded: 0)
System memory in use before: 134.0 MB.
System memory in use after: 134.0 MB.

Unloading 10 unused Assets to reduce memory usage. Loaded Objects now: 1626.
Total: 1.335300 ms (FindLiveObjects: 0.105600 ms CreateObjectMapping: 0.030900 ms MarkObjects: 1.136500 ms  DeleteObjects: 0.061400 ms)

========================================================================
Received Import Request.
  path: Assets/Sounds1
  artifactKey: Guid(e038393d42e869a4db655b2723395382) Importer(815301076,1909f56bfc062723c751e8b465ee728b)
Start importing Assets/Sounds1 using Guid(e038393d42e869a4db655b2723395382) Importer(815301076,1909f56bfc062723c751e8b465ee728b)  -> (artifact id: '993f777a2bffa42f182d84bbe3d2a42d') in 0.006624 seconds
  Import took 0.008049 seconds .

========================================================================
Received Import Request.
  Time since last request: 4.848613 seconds.
  path: Assets/Sounds
  artifactKey: Guid(e0d50fb90f0dbfe4aad3049124a0f0ab) Importer(815301076,1909f56bfc062723c751e8b465ee728b)
Start importing Assets/Sounds using Guid(e0d50fb90f0dbfe4aad3049124a0f0ab) Importer(815301076,1909f56bfc062723c751e8b465ee728b)  -> (artifact id: 'f4b163958d944dcb872a4bee49dec9c8') in 0.005409 seconds
  Import took 0.006973 seconds .

========================================================================
Received Import Request.
  Time since last request: 7.208500 seconds.
  path: Assets/Scripts
  artifactKey: Guid(2a541c26a403aea4fa3e16bff2f8e85a) Importer(815301076,1909f56bfc062723c751e8b465ee728b)
Start importing Assets/Scripts using Guid(2a541c26a403aea4fa3e16bff2f8e85a) Importer(815301076,1909f56bfc062723c751e8b465ee728b)  -> (artifact id: '9561fc8d138432646807804f40338631') in 0.003575 seconds
  Import took 0.005370 seconds .

========================================================================
Received Prepare
Registering precompiled user dll's ...
Registered in 0.000520 seconds.
Begin MonoManager ReloadAssembly
Native extension for WindowsStandalone target not found
Refreshing native plugins compatible for Editor in 0.23 ms, found 0 plugins.
Preloading 0 native plugins for Editor in 0.00 ms.
Invoked RoslynAnalysisRunner static constructor.
RoslynAnalysisRunner will not be running.
RoslynAnalysisRunner has terminated.
Mono: successfully reloaded assembly
- Completed reload, in  0.514 seconds
Platform modules already initialized, skipping
Refreshing native plugins compatible for Editor in 0.23 ms, found 0 plugins.
Preloading 0 native plugins for Editor in 0.00 ms.
Unloading 1151 Unused Serialized files (Serialized files now loaded: 0)
System memory in use before: 132.5 MB.
System memory in use after: 132.6 MB.

Unloading 5 unused Assets to reduce memory usage. Loaded Objects now: 1628.
Total: 1.803900 ms (FindLiveObjects: 0.126500 ms CreateObjectMapping: 0.037200 ms MarkObjects: 1.590900 ms  DeleteObjects: 0.048400 ms)

========================================================================
Received Import Request.
  Time since last request: 7.282796 seconds.
  path: Assets/Other
  artifactKey: Guid(8593c237cc8bbc34688a639b36083860) Importer(815301076,1909f56bfc062723c751e8b465ee728b)
Start importing Assets/Other using Guid(8593c237cc8bbc34688a639b36083860) Importer(815301076,1909f56bfc062723c751e8b465ee728b)  -> (artifact id: '18490744b87826715ae7aefc36790581') in 0.006199 seconds
  Import took 0.007870 seconds .

========================================================================
Received Import Request.
  Time since last request: 0.001386 seconds.
  path: Assets/Other
  artifactKey: Guid(8593c237cc8bbc34688a639b36083860) Importer(815301076,1909f56bfc062723c751e8b465ee728b)
Start importing Assets/Other using Guid(8593c237cc8bbc34688a639b36083860) Importer(815301076,1909f56bfc062723c751e8b465ee728b)  -> (artifact id: '18490744b87826715ae7aefc36790581') in 0.001677 seconds
  Import took 0.003063 seconds .

========================================================================
Received Import Request.
  Time since last request: 9.520185 seconds.
  path: Assets/Other/Text
  artifactKey: Guid(3788053e25218fe4e826e68ef22ba97c) Importer(815301076,1909f56bfc062723c751e8b465ee728b)
Start importing Assets/Other/Text using Guid(3788053e25218fe4e826e68ef22ba97c) Importer(815301076,1909f56bfc062723c751e8b465ee728b)  -> (artifact id: '5d5d50078df15432c7fa53399dadb979') in 0.004430 seconds
  Import took 0.005965 seconds .

========================================================================
Received Import Request.
  Time since last request: 18.301397 seconds.
  path: Assets/Animations
  artifactKey: Guid(3d969f3c6e7577943bf7a23e094abb6e) Importer(815301076,1909f56bfc062723c751e8b465ee728b)
Start importing Assets/Animations using Guid(3d969f3c6e7577943bf7a23e094abb6e) Importer(815301076,1909f56bfc062723c751e8b465ee728b)  -> (artifact id: 'd60ad37931bb3eeeb7d34cfe4892bb79') in 0.004230 seconds
  Import took 0.005753 seconds .

========================================================================
Received Import Request.
  Time since last request: 8.426009 seconds.
  path: Assets/Alstra Infinite
  artifactKey: Guid(73598cb95a215ef419fe1c37b037a1f5) Importer(815301076,1909f56bfc062723c751e8b465ee728b)
Start importing Assets/Alstra Infinite using Guid(73598cb95a215ef419fe1c37b037a1f5) Importer(815301076,1909f56bfc062723c751e8b465ee728b)  -> (artifact id: '3655d0a240f398d48b27adc2c6b30418') in 0.004096 seconds
  Import took 0.005567 seconds .

========================================================================
Received Import Request.
  Time since last request: 0.851100 seconds.
  path: Assets/Free Low Poly Desert Pack
  artifactKey: Guid(54e8feeae7e8afc4ca9a9d9d364d54d1) Importer(815301076,1909f56bfc062723c751e8b465ee728b)
Start importing Assets/Free Low Poly Desert Pack using Guid(54e8feeae7e8afc4ca9a9d9d364d54d1) Importer(815301076,1909f56bfc062723c751e8b465ee728b)  -> (artifact id: 'b550e2448b9e77f44f6a88b9b52969ce') in 0.004198 seconds
  Import took 0.005762 seconds .

========================================================================
Received Import Request.
  Time since last request: 6.465478 seconds.
  path: Assets/Resources
  artifactKey: Guid(71c76496d288fa54f907fdd8b8229878) Importer(815301076,1909f56bfc062723c751e8b465ee728b)
Start importing Assets/Resources using Guid(71c76496d288fa54f907fdd8b8229878) Importer(815301076,1909f56bfc062723c751e8b465ee728b)  -> (artifact id: 'f5194c9000d437a4fbc271c2fe249c82') in 0.006960 seconds
  Import took 0.008497 seconds .

========================================================================
Received Import Request.
  Time since last request: 0.001676 seconds.
  path: Assets/Resources
  artifactKey: Guid(71c76496d288fa54f907fdd8b8229878) Importer(815301076,1909f56bfc062723c751e8b465ee728b)
Start importing Assets/Resources using Guid(71c76496d288fa54f907fdd8b8229878) Importer(815301076,1909f56bfc062723c751e8b465ee728b)  -> (artifact id: 'f5194c9000d437a4fbc271c2fe249c82') in 0.001607 seconds
  Import took 0.002613 seconds .

========================================================================
Received Import Request.
  Time since last request: 1.798745 seconds.
  path: Assets/Resources/BillingMode.json
  artifactKey: Guid(1b1ac1edd16f57849aed1528972b87a6) Importer(815301076,1909f56bfc062723c751e8b465ee728b)
Start importing Assets/Resources/BillingMode.json using Guid(1b1ac1edd16f57849aed1528972b87a6) Importer(815301076,1909f56bfc062723c751e8b465ee728b)  -> (artifact id: '1cd1b7cc05db46927b8c85c3d532f998') in 0.018939 seconds
  Import took 0.020513 seconds .

========================================================================
Received Import Request.
  Time since last request: 28.236888 seconds.
  path: Assets/Models/LowPolyWater_Pack
  artifactKey: Guid(2c24b3eb6d8f2534bbaef466cb3a611b) Importer(815301076,1909f56bfc062723c751e8b465ee728b)
Start importing Assets/Models/LowPolyWater_Pack using Guid(2c24b3eb6d8f2534bbaef466cb3a611b) Importer(815301076,1909f56bfc062723c751e8b465ee728b)  -> (artifact id: 'a1fc88bd8a5bb1b6738b28598fd33f1d') in 0.004470 seconds
  Import took 0.006094 seconds .

========================================================================
Received Import Request.
  Time since last request: 10.282990 seconds.
  path: Assets/Free Low Poly Desert Pack/Unity Prefabs
  artifactKey: Guid(68485fffb5856ba46a805e6ba45e3e19) Importer(815301076,1909f56bfc062723c751e8b465ee728b)
Start importing Assets/Free Low Poly Desert Pack/Unity Prefabs using Guid(68485fffb5856ba46a805e6ba45e3e19) Importer(815301076,1909f56bfc062723c751e8b465ee728b)  -> (artifact id: '425a933b6aca52e9112ae657eea4952f') in 0.004708 seconds
  Import took 0.006338 seconds .

========================================================================
Received Import Request.
  Time since last request: 3.313297 seconds.
  path: Assets/Alstra Infinite/Fish - PolyPack
  artifactKey: Guid(d49ef07147c0de743afc096bd2341392) Importer(815301076,1909f56bfc062723c751e8b465ee728b)
Start importing Assets/Alstra Infinite/Fish - PolyPack using Guid(d49ef07147c0de743afc096bd2341392) Importer(815301076,1909f56bfc062723c751e8b465ee728b)  -> (artifact id: '1c0df10073d2f9fe5e0e196a8ad58700') in 0.004296 seconds
  Import took 0.005801 seconds .

========================================================================
Received Import Request.
  Time since last request: 23.711806 seconds.
  path: Assets/Other/ExternalAssets
  artifactKey: Guid(52e95849d35019644ae4f8ef66063407) Importer(815301076,1909f56bfc062723c751e8b465ee728b)
Start importing Assets/Other/ExternalAssets using Guid(52e95849d35019644ae4f8ef66063407) Importer(815301076,1909f56bfc062723c751e8b465ee728b)  -> (artifact id: 'aeddfee03910b457bc439dd4f7e54b27') in 0.004377 seconds
  Import took 0.005874 seconds .

========================================================================
Received Import Request.
  Time since last request: 128.188891 seconds.
  path: Assets/Scripts/utilities
  artifactKey: Guid(565b52da2be88db40937d8ebe945e291) Importer(815301076,1909f56bfc062723c751e8b465ee728b)
Start importing Assets/Scripts/utilities using Guid(565b52da2be88db40937d8ebe945e291) Importer(815301076,1909f56bfc062723c751e8b465ee728b)  -> (artifact id: 'f95e7f3a88be3cf579e39a080c1f9400') in 0.004332 seconds
  Import took 0.005903 seconds .

========================================================================
Received Import Request.
  Time since last request: 3.034916 seconds.
  path: Assets/Scripts/utilities/utility tracking for unity
  artifactKey: Guid(57f6db259ae3f0e4fa2c657d368a70a0) Importer(815301076,1909f56bfc062723c751e8b465ee728b)
Start importing Assets/Scripts/utilities/utility tracking for unity using Guid(57f6db259ae3f0e4fa2c657d368a70a0) Importer(815301076,1909f56bfc062723c751e8b465ee728b)  -> (artifact id: 'd538392d969eeb8a60a23b9e6eae16a4') in 0.004490 seconds
  Import took 0.005983 seconds .

========================================================================
Received Import Request.
  Time since last request: 0.881509 seconds.
  path: Assets/Scripts/utilities/utility tracking for unity/Uniducial
  artifactKey: Guid(a615d1691600b474599a8b1934c5b2d0) Importer(815301076,1909f56bfc062723c751e8b465ee728b)
Start importing Assets/Scripts/utilities/utility tracking for unity/Uniducial using Guid(a615d1691600b474599a8b1934c5b2d0) Importer(815301076,1909f56bfc062723c751e8b465ee728b)  -> (artifact id: '606b79e33f8417e17a3f4f7a1a741796') in 0.004031 seconds
  Import took 0.005476 seconds .

========================================================================
Received Import Request.
  Time since last request: 0.714098 seconds.
  path: Assets/Scripts/utilities/utility tracking for unity/Uniducial/Editor
  artifactKey: Guid(878c383750a0ecb49b6c78db69cff05c) Importer(815301076,1909f56bfc062723c751e8b465ee728b)
Start importing Assets/Scripts/utilities/utility tracking for unity/Uniducial/Editor using Guid(878c383750a0ecb49b6c78db69cff05c) Importer(815301076,1909f56bfc062723c751e8b465ee728b)  -> (artifact id: 'f985393da36c084f0e9fd7f61137c5f0') in 0.004187 seconds
  Import took 0.005772 seconds .

========================================================================
Received Import Request.
  Time since last request: 178.229838 seconds.
  path: Assets/Scenes/Game1.unity
  artifactKey: Guid(28b01497748dc1a4599c1e6bca09c4a1) Importer(815301076,1909f56bfc062723c751e8b465ee728b)
Start importing Assets/Scenes/Game1.unity using Guid(28b01497748dc1a4599c1e6bca09c4a1) Importer(815301076,1909f56bfc062723c751e8b465ee728b)  -> (artifact id: 'efcb0a0621dc1f37abe352a21900b793') in 0.005451 seconds
  Import took 0.007205 seconds .

========================================================================
Received Prepare
Refreshing native plugins compatible for Editor in 0.67 ms, found 0 plugins.
Preloading 0 native plugins for Editor in 0.00 ms.
Unloading 3 Unused Serialized files (Serialized files now loaded: 0)
System memory in use before: 109.8 MB.
System memory in use after: 109.9 MB.

Unloading 3 unused Assets to reduce memory usage. Loaded Objects now: 1628.
Total: 1.931900 ms (FindLiveObjects: 0.175400 ms CreateObjectMapping: 0.047500 ms MarkObjects: 1.652000 ms  DeleteObjects: 0.056300 ms)

========================================================================
Received Import Request.
  Time since last request: 102.595220 seconds.
  path: Assets/Scenes/Game2.unity
  artifactKey: Guid(11bca41cfd8cad8489047980e9b3eed6) Importer(815301076,1909f56bfc062723c751e8b465ee728b)
Start importing Assets/Scenes/Game2.unity using Guid(11bca41cfd8cad8489047980e9b3eed6) Importer(815301076,1909f56bfc062723c751e8b465ee728b)  -> (artifact id: 'b3f67da6489cd4f7f227aaf0f4cf2025') in 0.006902 seconds
  Import took 0.008450 seconds .

========================================================================
Received Prepare
Refreshing native plugins compatible for Editor in 0.63 ms, found 0 plugins.
Preloading 0 native plugins for Editor in 0.00 ms.
Unloading 3 Unused Serialized files (Serialized files now loaded: 0)
System memory in use before: 109.8 MB.
System memory in use after: 109.9 MB.

Unloading 3 unused Assets to reduce memory usage. Loaded Objects now: 1628.
Total: 1.674100 ms (FindLiveObjects: 0.125500 ms CreateObjectMapping: 0.034600 ms MarkObjects: 1.470400 ms  DeleteObjects: 0.042900 ms)

========================================================================
Received Import Request.
  Time since last request: 222.713034 seconds.
  path: Assets/Scripts/TriggerDoor.cs
  artifactKey: Guid(184e968d7184fab478877207caac9aac) Importer(815301076,1909f56bfc062723c751e8b465ee728b)
Start importing Assets/Scripts/TriggerDoor.cs using Guid(184e968d7184fab478877207caac9aac) Importer(815301076,1909f56bfc062723c751e8b465ee728b)  -> (artifact id: '064570ab099e6f68dbe8b5000582efe6') in 0.005280 seconds
  Import took 0.007030 seconds .

========================================================================
Received Import Request.
  Time since last request: 0.000297 seconds.
  path: Assets/Scripts/TriggerDoor.cs
  artifactKey: Guid(184e968d7184fab478877207caac9aac) Importer(815301076,1909f56bfc062723c751e8b465ee728b)
Start importing Assets/Scripts/TriggerDoor.cs using Guid(184e968d7184fab478877207caac9aac) Importer(815301076,1909f56bfc062723c751e8b465ee728b)  -> (artifact id: '064570ab099e6f68dbe8b5000582efe6') in 0.001595 seconds
  Import took 0.002815 seconds .

========================================================================
Received Prepare
Registering precompiled user dll's ...
Registered in 0.000601 seconds.
Begin MonoManager ReloadAssembly
Native extension for WindowsStandalone target not found
Refreshing native plugins compatible for Editor in 0.26 ms, found 0 plugins.
Preloading 0 native plugins for Editor in 0.00 ms.
Invoked RoslynAnalysisRunner static constructor.
RoslynAnalysisRunner will not be running.
RoslynAnalysisRunner has terminated.
Mono: successfully reloaded assembly
- Completed reload, in  0.511 seconds
Platform modules already initialized, skipping
Refreshing native plugins compatible for Editor in 0.23 ms, found 0 plugins.
Preloading 0 native plugins for Editor in 0.00 ms.
Unloading 1151 Unused Serialized files (Serialized files now loaded: 0)
System memory in use before: 132.6 MB.
System memory in use after: 132.6 MB.

Unloading 5 unused Assets to reduce memory usage. Loaded Objects now: 1630.
Total: 1.572300 ms (FindLiveObjects: 0.166700 ms CreateObjectMapping: 0.044500 ms MarkObjects: 1.311500 ms  DeleteObjects: 0.048500 ms)

========================================================================
Received Import Request.
  Time since last request: 17.076918 seconds.
  path: Assets/Scripts/TriggerDoor.cs
  artifactKey: Guid(184e968d7184fab478877207caac9aac) Importer(815301076,1909f56bfc062723c751e8b465ee728b)
Start importing Assets/Scripts/TriggerDoor.cs using Guid(184e968d7184fab478877207caac9aac) Importer(815301076,1909f56bfc062723c751e8b465ee728b)  -> (artifact id: 'b1015109fcfbfb874105490e6a5add0f') in 0.003293 seconds
  Import took 0.004760 seconds .

========================================================================
Received Prepare
Registering precompiled user dll's ...
Registered in 0.000638 seconds.
Begin MonoManager ReloadAssembly
Native extension for WindowsStandalone target not found
Refreshing native plugins compatible for Editor in 0.28 ms, found 0 plugins.
Preloading 0 native plugins for Editor in 0.00 ms.
Invoked RoslynAnalysisRunner static constructor.
RoslynAnalysisRunner will not be running.
RoslynAnalysisRunner has terminated.
Mono: successfully reloaded assembly
- Completed reload, in  0.626 seconds
Platform modules already initialized, skipping
Refreshing native plugins compatible for Editor in 0.28 ms, found 0 plugins.
Preloading 0 native plugins for Editor in 0.00 ms.
Unloading 1151 Unused Serialized files (Serialized files now loaded: 0)
System memory in use before: 132.6 MB.
System memory in use after: 132.7 MB.

Unloading 5 unused Assets to reduce memory usage. Loaded Objects now: 1632.
Total: 1.678300 ms (FindLiveObjects: 0.313900 ms CreateObjectMapping: 0.035900 ms MarkObjects: 1.279400 ms  DeleteObjects: 0.048100 ms)

========================================================================
Received Prepare
Refreshing native plugins compatible for Editor in 0.68 ms, found 0 plugins.
Preloading 0 native plugins for Editor in 0.00 ms.
Unloading 3 Unused Serialized files (Serialized files now loaded: 0)
System memory in use before: 109.8 MB.
System memory in use after: 109.9 MB.

Unloading 3 unused Assets to reduce memory usage. Loaded Objects now: 1632.
Total: 1.645800 ms (FindLiveObjects: 0.169500 ms CreateObjectMapping: 0.025200 ms MarkObjects: 1.401800 ms  DeleteObjects: 0.048000 ms)

AssetImportWorkerClient::OnTransportError - code=2 error=End of file
